<?xml version="1.0" encoding="UTF-8"?>
<testng-results skipped="0" failed="0" total="1" passed="1">
  <reporter-output>
  </reporter-output>
  <suite name="Default suite" duration-ms="38012" started-at="2018-02-17T04:30:56Z" finished-at="2018-02-17T04:31:34Z">
    <groups>
    </groups>
    <test name="Default test" duration-ms="38012" started-at="2018-02-17T04:30:56Z" finished-at="2018-02-17T04:31:34Z">
      <class name="com.org.LearningMaven.TestMaven.TestGithub">
        <test-method status="PASS" signature="testJenkin()[pri:0, instance:com.org.LearningMaven.TestMaven.TestGithub@c0edeb]" name="testJenkin" duration-ms="37808" started-at="2018-02-17T10:00:56Z" finished-at="2018-02-17T10:01:34Z">
          <reporter-output>
          </reporter-output>
        </test-method> <!-- testJenkin -->
      </class> <!-- com.org.LearningMaven.TestMaven.TestGithub -->
    </test> <!-- Default test -->
  </suite> <!-- Default suite -->
</testng-results>
